Flow report for AP9
Thu Oct 26 14:29:40 2017
Quartus II 64-Bit Version 14.1.0 Build 186 12/03/2014 SJ Full Version


---------------------
; Table of Contents ;
---------------------
  1. Legal Notice
  2. Flow Summary
  3. Flow Settings
  4. Flow Non-Default Global Settings
  5. Flow Elapsed Time
  6. Flow OS Summary
  7. Flow Log
  8. Flow Messages
  9. Flow Suppressed Messages



----------------
; Legal Notice ;
----------------
Copyright (C) 1991-2014 Altera Corporation. All rights reserved.
Your use of Altera Corporation's design tools, logic functions 
and other software and tools, and its AMPP partner logic 
functions, and any output files from any of the foregoing 
(including device programming or simulation files), and any 
associated documentation or information are expressly subject 
to the terms and conditions of the Altera Program License 
Subscription Agreement, the Altera Quartus II License Agreement,
the Altera MegaCore Function License Agreement, or other 
applicable license agreement, including, without limitation, 
that your use is for the sole purpose of programming logic 
devices manufactured by Altera and sold by Altera or its 
authorized distributors.  Please refer to the applicable 
agreement for further details.



+-------------------------------------------------------------------------------+
; Flow Summary                                                                  ;
+---------------------------------+---------------------------------------------+
; Flow Status                     ; Successful - Thu Oct 26 14:28:00 2017       ;
; Quartus II 64-Bit Version       ; 14.1.0 Build 186 12/03/2014 SJ Full Version ;
; Revision Name                   ; AP9                                         ;
; Top-level Entity Name           ; AP9                                         ;
; Family                          ; Cyclone V                                   ;
; Device                          ; 5CEBA4F23C7                                 ;
; Timing Models                   ; Final                                       ;
; Logic utilization (in ALMs)     ; 788 / 18,480 ( 4 % )                        ;
; Total registers                 ; 460                                         ;
; Total pins                      ; 26 / 224 ( 12 % )                           ;
; Total virtual pins              ; 0                                           ;
; Total block memory bits         ; 413,952 / 3,153,920 ( 13 % )                ;
; Total DSP Blocks                ; 0 / 66 ( 0 % )                              ;
; Total HSSI RX PCSs              ; 0                                           ;
; Total HSSI PMA RX Deserializers ; 0                                           ;
; Total HSSI TX PCSs              ; 0                                           ;
; Total HSSI PMA TX Serializers   ; 0                                           ;
; Total PLLs                      ; 0 / 4 ( 0 % )                               ;
; Total DLLs                      ; 0 / 4 ( 0 % )                               ;
+---------------------------------+---------------------------------------------+


+-----------------------------------------+
; Flow Settings                           ;
+-------------------+---------------------+
; Option            ; Setting             ;
+-------------------+---------------------+
; Start date & time ; 10/26/2017 14:24:17 ;
; Main task         ; Compilation         ;
; Revision Name     ; AP9                 ;
+-------------------+---------------------+


+------------------------------------------------------------------------------------------------------------------------+
; Flow Non-Default Global Settings                                                                                       ;
+-------------------------------------+---------------------------------------+---------------+-------------+------------+
; Assignment Name                     ; Value                                 ; Default Value ; Entity Name ; Section Id ;
+-------------------------------------+---------------------------------------+---------------+-------------+------------+
; BLOCK_DESIGN_NAMING                 ; QuartusII                             ; Auto          ; --          ; --         ;
; COMPILER_SIGNATURE_ID               ; 0.150903505705250                     ; --            ; --          ; --         ;
; MAX_CORE_JUNCTION_TEMP              ; 85                                    ; --            ; --          ; --         ;
; MIN_CORE_JUNCTION_TEMP              ; 0                                     ; --            ; --          ; --         ;
; MISC_FILE                           ; lpm_rom0.bsf                          ; --            ; --          ; --         ;
; MISC_FILE                           ; lpm_rom0.cmp                          ; --            ; --          ; --         ;
; MISC_FILE                           ; RAM.bsf                               ; --            ; --          ; --         ;
; MISC_FILE                           ; RAM.cmp                               ; --            ; --          ; --         ;
; PARTITION_COLOR                     ; 16764057                              ; --            ; --          ; Top        ;
; PARTITION_FITTER_PRESERVATION_LEVEL ; PLACEMENT_AND_ROUTING                 ; --            ; --          ; Top        ;
; PARTITION_NETLIST_TYPE              ; SOURCE                                ; --            ; --          ; Top        ;
; POWER_BOARD_THERMAL_MODEL           ; None (CONSERVATIVE)                   ; --            ; --          ; --         ;
; POWER_PRESET_COOLING_SOLUTION       ; 23 MM HEAT SINK WITH 200 LFPM AIRFLOW ; --            ; --          ; --         ;
; SMART_RECOMPILE                     ; On                                    ; Off           ; --          ; --         ;
; SYNTH_TIMING_DRIVEN_SYNTHESIS       ; Off                                   ; On            ; --          ; --         ;
+-------------------------------------+---------------------------------------+---------------+-------------+------------+


+-------------------------------------------------------------------------------------------------------------------------------+
; Flow Elapsed Time                                                                                                             ;
+---------------------------+--------------+-------------------------+---------------------+------------------------------------+
; Module Name               ; Elapsed Time ; Average Processors Used ; Peak Virtual Memory ; Total CPU Time (on all processors) ;
+---------------------------+--------------+-------------------------+---------------------+------------------------------------+
; Analysis & Synthesis      ; 00:00:50     ; 1.0                     ; 1075 MB             ; 00:00:35                           ;
; Fitter                    ; 00:01:39     ; 1.4                     ; 1703 MB             ; 00:01:32                           ;
; Assembler                 ; 00:00:12     ; 1.0                     ; 913 MB              ; 00:00:05                           ;
; TimeQuest Timing Analyzer ; 00:01:17     ; 1.1                     ; 1128 MB             ; 00:00:21                           ;
; Total                     ; 00:03:58     ; --                      ; --                  ; 00:02:33                           ;
+---------------------------+--------------+-------------------------+---------------------+------------------------------------+


+-----------------------------------------------------------------------------------------+
; Flow OS Summary                                                                         ;
+---------------------------+------------------+------------+------------+----------------+
; Module Name               ; Machine Hostname ; OS Name    ; OS Version ; Processor type ;
+---------------------------+------------------+------------+------------+----------------+
; Analysis & Synthesis      ; daenerys         ; Arch Linux ; Arch Linux ; x86_64         ;
; Fitter                    ; daenerys         ; Arch Linux ; Arch Linux ; x86_64         ;
; Assembler                 ; daenerys         ; Arch Linux ; Arch Linux ; x86_64         ;
; TimeQuest Timing Analyzer ; daenerys         ; Arch Linux ; Arch Linux ; x86_64         ;
+---------------------------+------------------+------------+------------+----------------+


------------
; Flow Log ;
------------
quartus_map --read_settings_files=on --write_settings_files=off AP9 -c AP9
quartus_fit --read_settings_files=off --write_settings_files=off AP9 -c AP9
quartus_asm --read_settings_files=off --write_settings_files=off AP9 -c AP9
quartus_sta AP9 -c AP9



