MIF/HEX Update report for AP9
Sun Oct  9 17:46:00 2016
Quartus II 64-Bit Version 14.1.0 Build 186 12/03/2014 SJ Full Version


---------------------
; Table of Contents ;
---------------------
  1. Legal Notice
  2. MIF/HEX Update Summary
  3. MIF/HEX Update Processed Files
  4. MIF/HEX Update Messages



----------------
; Legal Notice ;
----------------
Copyright (C) 1991-2014 Altera Corporation. All rights reserved.
Your use of Altera Corporation's design tools, logic functions 
and other software and tools, and its AMPP partner logic 
functions, and any output files from any of the foregoing 
(including device programming or simulation files), and any 
associated documentation or information are expressly subject 
to the terms and conditions of the Altera Program License 
Subscription Agreement, the Altera Quartus II License Agreement,
the Altera MegaCore Function License Agreement, or other 
applicable license agreement, including, without limitation, 
that your use is for the sole purpose of programming logic 
devices manufactured by Altera and sold by Altera or its 
authorized distributors.  Please refer to the applicable 
agreement for further details.



+---------------------------------------------------------------+
; MIF/HEX Update Summary                                        ;
+-----------------------+---------------------------------------+
; MIF/HEX Update Status ; Successful - Sun Oct  9 17:45:59 2016 ;
; Revision Name         ; AP9                                   ;
; Top-level Entity Name ; AP9                                   ;
; Family                ; Cyclone V                             ;
; Device                ; 5CEBA4F23C7                           ;
+-----------------------+---------------------------------------+


+--------------------------------------------------+
; MIF/HEX Update Processed Files                   ;
+--------------------------------------------------+
; File Name                                        ;
+--------------------------------------------------+
; /home/perina/Desktop/AP9 - DE0-CV/charmap.mif    ;
; /home/perina/Desktop/AP9 - DE0-CV/cpuram.mif     ;
; /home/perina/Desktop/AP9 - DE0-CV/video_mem1.mif ;
; /home/perina/Desktop/AP9 - DE0-CV/video_mem2.mif ;
+--------------------------------------------------+


+-------------------------+
; MIF/HEX Update Messages ;
+-------------------------+
Info: *******************************************************************
Info: Running Quartus II 64-Bit MIF/HEX Update
    Info: Version 14.1.0 Build 186 12/03/2014 SJ Full Version
    Info: Processing started: Sun Oct  9 17:45:48 2016
Info: Command: quartus_cdb AP9 -c AP9 --update_mif
Warning (125092): Tcl Script File ../../ProcUktimaVersao/ProcessadorRegsVariables_SemInstrucoesUltima1/lpm_mux1.qip not found
    Info (125063): set_global_assignment -name QIP_FILE ../../ProcUktimaVersao/ProcessadorRegsVariables_SemInstrucoesUltima1/lpm_mux1.qip
Info (39024): Processed the following Memory Initialization File(s)
    Info (39025): Processed Memory Initialization File /home/perina/Desktop/AP9 - DE0-CV/charmap.mif
    Info (39025): Processed Memory Initialization File /home/perina/Desktop/AP9 - DE0-CV/cpuram.mif
    Info (39025): Processed Memory Initialization File /home/perina/Desktop/AP9 - DE0-CV/video_mem1.mif
    Info (39025): Processed Memory Initialization File /home/perina/Desktop/AP9 - DE0-CV/video_mem2.mif
Info: Quartus II 64-Bit MIF/HEX Update was successful. 0 errors, 1 warning
    Info: Peak virtual memory: 1196 megabytes
    Info: Processing ended: Sun Oct  9 17:46:00 2016
    Info: Elapsed time: 00:00:12
    Info: Total CPU time (on all processors): 00:00:05


